<?xml version="1.0" encoding="UTF-8"?>
<!-- Generated by org.testng.reporters.JUnitReportReporter -->
<testsuite hostname="DESKTOP-4KJP6L6" failures="0" tests="1" name="Test.TestSuite1" time="18.101" errors="0" timestamp="2020-06-22T21:17:02 EDT" skipped="0">
  <testcase classname="Test.TestSuite1" name="negativeLogin" time="18.101"/>
</testsuite> <!-- Test.TestSuite1 -->
